<?xml version="1.0" encoding="UTF-8"?>
<!-- Generated by org.testng.reporters.JUnitReportReporter -->
<testsuite hostname="qiaoyundeMacBook-Pro.local" name="ultron.BaiduSuite" tests="2" failures="0" timestamp="23 May 2016 07:35:38 GMT" time="1.233" errors="0">
  <testcase name="getDesc" time="0.000" classname="ultron.BaiduSuite"/>
  <testcase name="click" time="1.233" classname="ultron.BaiduSuite"/>
</testsuite> <!-- ultron.BaiduSuite -->
