<?xml version="1.0" encoding="UTF-8"?>
<!-- Generated by org.testng.reporters.JUnitReportReporter -->
<testsuite hostname="bogon" name="BaiduSuite" tests="2" failures="0" timestamp="16 May 2016 08:35:22 GMT" time="1.131" errors="0">
  <testcase name="getDesc" time="0.000" classname="BaiduSuite"/>
  <testcase name="click" time="1.131" classname="BaiduSuite"/>
</testsuite> <!-- BaiduSuite -->
